{"time":1783910795,"ip":"::1","method":"GET","uri":"/","status":404,"ua":"curl/8.20.0"}
{"time":1783910795,"ip":"::1","method":"POST","uri":"/login.php","status":200,"ua":"curl/8.20.0"}
{"time":1783910795,"ip":"::1","method":"GET","uri":"/nonexistent.php","status":404,"ua":"curl/8.20.0"}
{"time":1783910795,"ip":"::1","method":"GET","uri":"/admin/whitelist","status":401,"ua":"curl/8.20.0"}
{"time":1783910795,"ip":"::1","method":"GET","uri":"/admin/whitelist","status":401,"ua":"curl/8.20.0"}
{"time":1783910795,"ip":"::1","method":"GET","uri":"/admin/whitelist","status":200,"ua":"curl/8.20.0"}
{"time":1783910816,"ip":"::1","method":"POST","uri":"/register.php","status":200,"ua":"curl/8.20.0"}
{"time":1783910816,"ip":"::1","method":"POST","uri":"/register.php","status":200,"ua":"curl/8.20.0"}
{"time":1783910817,"ip":"::1","method":"POST","uri":"/login.php","status":200,"ua":"curl/8.20.0"}
{"time":1783910817,"ip":"::1","method":"GET","uri":"/profile.php","status":200,"ua":"curl/8.20.0"}
{"time":1783910817,"ip":"::1","method":"GET","uri":"/profile.php","status":200,"ua":"curl/8.20.0"}
{"time":1783910817,"ip":"::1","method":"GET","uri":"/users.php","status":200,"ua":"curl/8.20.0"}
{"time":1783910817,"ip":"::1","method":"GET","uri":"/admin/whitelist","status":200,"ua":"curl/8.20.0"}
{"time":1783910817,"ip":"::1","method":"POST","uri":"/admin/whitelist/add","status":200,"ua":"curl/8.20.0"}
{"time":1783910817,"ip":"::1","method":"GET","uri":"/admin/whitelist","status":200,"ua":"curl/8.20.0"}
{"time":1783910817,"ip":"::1","method":"GET","uri":"/admin/blocklist","status":200,"ua":"curl/8.20.0"}
{"time":1783910817,"ip":"::1","method":"POST","uri":"/admin/monitor/run","status":200,"ua":"curl/8.20.0"}
{"time":1783910817,"ip":"::1","method":"GET","uri":"/scan_test_1.php","status":404,"ua":"curl/8.20.0"}
{"time":1783910817,"ip":"::1","method":"GET","uri":"/scan_test_2.php","status":404,"ua":"curl/8.20.0"}
{"time":1783910817,"ip":"::1","method":"GET","uri":"/scan_test_3.php","status":404,"ua":"curl/8.20.0"}
{"time":1783910817,"ip":"::1","method":"GET","uri":"/scan_test_4.php","status":404,"ua":"curl/8.20.0"}
{"time":1783910817,"ip":"::1","method":"GET","uri":"/scan_test_5.php","status":404,"ua":"curl/8.20.0"}
{"time":1783910817,"ip":"::1","method":"GET","uri":"/scan_test_6.php","status":404,"ua":"curl/8.20.0"}
{"time":1783910817,"ip":"::1","method":"GET","uri":"/scan_test_7.php","status":404,"ua":"curl/8.20.0"}
{"time":1783910817,"ip":"::1","method":"GET","uri":"/scan_test_8.php","status":404,"ua":"curl/8.20.0"}
{"time":1783910817,"ip":"::1","method":"GET","uri":"/scan_test_9.php","status":404,"ua":"curl/8.20.0"}
{"time":1783910817,"ip":"::1","method":"GET","uri":"/scan_test_10.php","status":404,"ua":"curl/8.20.0"}
{"time":1783910817,"ip":"::1","method":"GET","uri":"/scan_test_11.php","status":404,"ua":"curl/8.20.0"}
{"time":1783910817,"ip":"::1","method":"GET","uri":"/scan_test_12.php","status":404,"ua":"curl/8.20.0"}
{"time":1783910817,"ip":"::1","method":"GET","uri":"/scan_test_13.php","status":404,"ua":"curl/8.20.0"}
{"time":1783910817,"ip":"::1","method":"GET","uri":"/scan_test_14.php","status":404,"ua":"curl/8.20.0"}
{"time":1783910817,"ip":"::1","method":"GET","uri":"/scan_test_15.php","status":404,"ua":"curl/8.20.0"}
{"time":1783910817,"ip":"::1","method":"GET","uri":"/scan_test_16.php","status":404,"ua":"curl/8.20.0"}
{"time":1783910817,"ip":"::1","method":"GET","uri":"/scan_test_17.php","status":404,"ua":"curl/8.20.0"}
{"time":1783910817,"ip":"::1","method":"GET","uri":"/scan_test_18.php","status":404,"ua":"curl/8.20.0"}
{"time":1783910817,"ip":"::1","method":"GET","uri":"/scan_test_19.php","status":404,"ua":"curl/8.20.0"}
{"time":1783910817,"ip":"::1","method":"GET","uri":"/scan_test_20.php","status":404,"ua":"curl/8.20.0"}
{"time":1783910817,"ip":"::1","method":"GET","uri":"/scan_test_21.php","status":404,"ua":"curl/8.20.0"}
{"time":1783910817,"ip":"::1","method":"GET","uri":"/scan_test_22.php","status":404,"ua":"curl/8.20.0"}
{"time":1783910817,"ip":"::1","method":"GET","uri":"/scan_test_23.php","status":404,"ua":"curl/8.20.0"}
{"time":1783910817,"ip":"::1","method":"GET","uri":"/scan_test_24.php","status":404,"ua":"curl/8.20.0"}
{"time":1783910817,"ip":"::1","method":"GET","uri":"/scan_test_25.php","status":404,"ua":"curl/8.20.0"}
{"time":1783910817,"ip":"::1","method":"GET","uri":"/scan_test_26.php","status":404,"ua":"curl/8.20.0"}
{"time":1783910817,"ip":"::1","method":"GET","uri":"/scan_test_27.php","status":404,"ua":"curl/8.20.0"}
{"time":1783910817,"ip":"::1","method":"GET","uri":"/scan_test_28.php","status":404,"ua":"curl/8.20.0"}
{"time":1783910817,"ip":"::1","method":"GET","uri":"/scan_test_29.php","status":404,"ua":"curl/8.20.0"}
{"time":1783910817,"ip":"::1","method":"GET","uri":"/scan_test_30.php","status":404,"ua":"curl/8.20.0"}
{"time":1783910817,"ip":"::1","method":"GET","uri":"/scan_test_31.php","status":404,"ua":"curl/8.20.0"}
{"time":1783910817,"ip":"::1","method":"GET","uri":"/scan_test_32.php","status":404,"ua":"curl/8.20.0"}
{"time":1783910817,"ip":"::1","method":"GET","uri":"/scan_test_33.php","status":404,"ua":"curl/8.20.0"}
{"time":1783910817,"ip":"::1","method":"GET","uri":"/scan_test_34.php","status":404,"ua":"curl/8.20.0"}
{"time":1783910817,"ip":"::1","method":"GET","uri":"/scan_test_35.php","status":404,"ua":"curl/8.20.0"}
{"time":1783910817,"ip":"::1","method":"GET","uri":"/scan_test_36.php","status":404,"ua":"curl/8.20.0"}
{"time":1783910817,"ip":"::1","method":"GET","uri":"/scan_test_37.php","status":404,"ua":"curl/8.20.0"}
{"time":1783910817,"ip":"::1","method":"GET","uri":"/scan_test_38.php","status":404,"ua":"curl/8.20.0"}
{"time":1783910817,"ip":"::1","method":"GET","uri":"/scan_test_39.php","status":404,"ua":"curl/8.20.0"}
{"time":1783910817,"ip":"::1","method":"GET","uri":"/scan_test_40.php","status":404,"ua":"curl/8.20.0"}
{"time":1783910817,"ip":"::1","method":"GET","uri":"/scan_test_41.php","status":404,"ua":"curl/8.20.0"}
{"time":1783910817,"ip":"::1","method":"GET","uri":"/scan_test_42.php","status":404,"ua":"curl/8.20.0"}
{"time":1783910817,"ip":"::1","method":"GET","uri":"/scan_test_43.php","status":404,"ua":"curl/8.20.0"}
{"time":1783910817,"ip":"::1","method":"GET","uri":"/scan_test_44.php","status":404,"ua":"curl/8.20.0"}
{"time":1783910817,"ip":"::1","method":"GET","uri":"/scan_test_45.php","status":404,"ua":"curl/8.20.0"}
{"time":1783910817,"ip":"::1","method":"GET","uri":"/scan_test_46.php","status":404,"ua":"curl/8.20.0"}
{"time":1783910817,"ip":"::1","method":"GET","uri":"/scan_test_47.php","status":404,"ua":"curl/8.20.0"}
{"time":1783910817,"ip":"::1","method":"GET","uri":"/scan_test_48.php","status":404,"ua":"curl/8.20.0"}
{"time":1783910817,"ip":"::1","method":"GET","uri":"/scan_test_49.php","status":404,"ua":"curl/8.20.0"}
{"time":1783910817,"ip":"::1","method":"GET","uri":"/scan_test_50.php","status":404,"ua":"curl/8.20.0"}
{"time":1783910817,"ip":"::1","method":"GET","uri":"/scan_test_51.php","status":404,"ua":"curl/8.20.0"}
{"time":1783910817,"ip":"::1","method":"GET","uri":"/scan_test_52.php","status":404,"ua":"curl/8.20.0"}
{"time":1783910817,"ip":"::1","method":"GET","uri":"/scan_test_53.php","status":404,"ua":"curl/8.20.0"}
{"time":1783910817,"ip":"::1","method":"GET","uri":"/scan_test_54.php","status":404,"ua":"curl/8.20.0"}
{"time":1783910817,"ip":"::1","method":"GET","uri":"/scan_test_55.php","status":404,"ua":"curl/8.20.0"}
{"time":1783910817,"ip":"::1","method":"GET","uri":"/login.php","status":200,"ua":"curl/8.20.0"}
{"time":1783910817,"ip":"::1","method":"GET","uri":"/admin/blocklist","status":200,"ua":"curl/8.20.0"}
{"time":1783910830,"ip":"::1","method":"GET","uri":"/admin/blocklist","status":200,"ua":"curl/8.20.0"}
{"time":1783910836,"ip":"::1","method":"GET","uri":"/login.php","status":200,"ua":"curl/8.20.0"}
{"time":1783910836,"ip":"::1","method":"POST","uri":"/admin/blocklist/unblock","status":200,"ua":"curl/8.20.0"}
{"time":1783910836,"ip":"::1","method":"GET","uri":"/login.php","status":200,"ua":"curl/8.20.0"}
{"time":1783910836,"ip":"::1","method":"GET","uri":"/admin/whitelist","status":200,"ua":"curl/8.20.0"}
{"time":1783910836,"ip":"::1","method":"GET","uri":"/admin/blocklist","status":200,"ua":"curl/8.20.0"}
{"time":1783910895,"ip":"::1","method":"GET","uri":"/","status":404,"ua":"curl/8.20.0"}
{"time":1783910895,"ip":"::1","method":"POST","uri":"/login.php","status":200,"ua":"curl/8.20.0"}
{"time":1783910895,"ip":"::1","method":"POST","uri":"/register.php","status":200,"ua":"curl/8.20.0"}
{"time":1783910895,"ip":"::1","method":"POST","uri":"/login.php","status":200,"ua":"curl/8.20.0"}
{"time":1783910895,"ip":"::1","method":"GET","uri":"/profile.php","status":200,"ua":"curl/8.20.0"}
{"time":1783910896,"ip":"::1","method":"GET","uri":"/users.php","status":200,"ua":"curl/8.20.0"}
{"time":1783910896,"ip":"::1","method":"GET","uri":"/admin/whitelist","status":200,"ua":"curl/8.20.0"}
{"time":1783910896,"ip":"::1","method":"POST","uri":"/admin/blocklist/unblock","status":200,"ua":"curl/8.20.0"}
{"time":1783910896,"ip":"::1","method":"POST","uri":"/admin/blocklist/unblock","status":200,"ua":"curl/8.20.0"}
{"time":1783910896,"ip":"::1","method":"GET","uri":"/login.php","status":200,"ua":"curl/8.20.0"}
{"time":1783910906,"ip":"::1","method":"GET","uri":"/login.php","status":200,"ua":"curl/8.20.0"}
{"time":1783912514,"ip":"::1","method":"GET","uri":"/login.php","status":200,"ua":"curl/8.20.0"}
{"time":1783912514,"ip":"::1","method":"GET","uri":"/admin/whitelist","status":200,"ua":"curl/8.20.0"}
{"time":1783914722,"ip":"::1","method":"POST","uri":"/login.php","status":200,"ua":"Mozilla/5.0 (X11; Linux x86_64; rv:152.0) Gecko/20100101 Firefox/152.0"}
{"time":1783914788,"ip":"::1","method":"POST","uri":"/login.php","status":200,"ua":"Mozilla/5.0 (X11; Linux x86_64; rv:152.0) Gecko/20100101 Firefox/152.0"}
{"time":1783914796,"ip":"::1","method":"POST","uri":"/login.php","status":200,"ua":"Mozilla/5.0 (X11; Linux x86_64; rv:152.0) Gecko/20100101 Firefox/152.0"}
{"time":1783914796,"ip":"::1","method":"GET","uri":"/profile.php","status":200,"ua":"Mozilla/5.0 (X11; Linux x86_64; rv:152.0) Gecko/20100101 Firefox/152.0"}
{"time":1783915287,"ip":"::1","method":"GET","uri":"/users.php","status":200,"ua":"Mozilla/5.0 (X11; Linux x86_64; rv:152.0) Gecko/20100101 Firefox/152.0"}
{"time":1783915289,"ip":"::1","method":"GET","uri":"/users.php","status":200,"ua":"Mozilla/5.0 (X11; Linux x86_64; rv:152.0) Gecko/20100101 Firefox/152.0"}
{"time":1783915290,"ip":"::1","method":"GET","uri":"/users.php","status":200,"ua":"Mozilla/5.0 (X11; Linux x86_64; rv:152.0) Gecko/20100101 Firefox/152.0"}
{"time":1783915290,"ip":"::1","method":"GET","uri":"/users.php","status":200,"ua":"Mozilla/5.0 (X11; Linux x86_64; rv:152.0) Gecko/20100101 Firefox/152.0"}
{"time":1783915292,"ip":"::1","method":"GET","uri":"/users.php","status":200,"ua":"Mozilla/5.0 (X11; Linux x86_64; rv:152.0) Gecko/20100101 Firefox/152.0"}
{"time":1783915293,"ip":"::1","method":"GET","uri":"/users.php","status":200,"ua":"Mozilla/5.0 (X11; Linux x86_64; rv:152.0) Gecko/20100101 Firefox/152.0"}
{"time":1783915294,"ip":"::1","method":"GET","uri":"/users.php","status":200,"ua":"Mozilla/5.0 (X11; Linux x86_64; rv:152.0) Gecko/20100101 Firefox/152.0"}
{"time":1783922827,"ip":"::1","method":"GET","uri":"/profile.php","status":200,"ua":"Mozilla/5.0 (X11; Linux x86_64; rv:152.0) Gecko/20100101 Firefox/152.0"}
